{
  "RSpec": {
    "coverage": {
      "/rails/app/models/cart.rb": {
        "lines": [
          null,
          null,
          1,
          1,
          1,
          null,
          1,
          null,
          1,
          1,
          1,
          null,
          5,
          5,
          1,
          null,
          4,
          2,
          2,
          1,
          null,
          1,
          null,
          4,
          null,
          null,
          1,
          20,
          null,
          null,
          1,
          6,
          null,
          null,
          1,
          4,
          null,
          null,
          1,
          9,
          null,
          null,
          1,
          16,
          null,
          null,
          1,
          6,
          null,
          null,
          1,
          1,
          null,
          null,
          1,
          null,
          1,
          108,
          null,
          null,
          1,
          66,
          null,
          null,
          1,
          128,
          null,
          null,
          1,
          6,
          null,
          null,
          1,
          3,
          null,
          null
        ]
      },
      "/rails/app/models/application_record.rb": {
        "lines": [
          null,
          null,
          1,
          1,
          null
        ]
      },
      "/rails/app/models/product.rb": {
        "lines": [
          null,
          null,
          1,
          1,
          1,
          null
        ]
      },
      "/rails/app/controllers/carts_controller.rb": {
        "lines": [
          null,
          null,
          1,
          1,
          1,
          null,
          null,
          1,
          8,
          8,
          null,
          null,
          null,
          1,
          12,
          10,
          10,
          null,
          9,
          null,
          null,
          11,
          null,
          null,
          null,
          1,
          8,
          8,
          null,
          6,
          null,
          null,
          null,
          1,
          6,
          3,
          null,
          3,
          null,
          null,
          null,
          1,
          null,
          1,
          40,
          40,
          40,
          null,
          null,
          1,
          32,
          null,
          30,
          30,
          null,
          6,
          null,
          null,
          1,
          null,
          1,
          3,
          null,
          null,
          null,
          3,
          3,
          null,
          null,
          1,
          6,
          5,
          null,
          1,
          null,
          null,
          null
        ]
      },
      "/rails/app/controllers/application_controller.rb": {
        "lines": [
          null,
          null,
          1,
          null
        ]
      },
      "/rails/app/controllers/products_controller.rb": {
        "lines": [
          null,
          null,
          1,
          1,
          null,
          null,
          1,
          2,
          2,
          null,
          null,
          null,
          1,
          2,
          null,
          null,
          null,
          1,
          4,
          null,
          4,
          2,
          null,
          2,
          null,
          null,
          null,
          null,
          1,
          4,
          3,
          null,
          1,
          null,
          null,
          null,
          null,
          1,
          2,
          null,
          null,
          1,
          null,
          null,
          1,
          11,
          null,
          null,
          null,
          1,
          8,
          null,
          null
        ]
      },
      "/rails/app/services/cart_service.rb": {
        "lines": [
          null,
          null,
          1,
          1,
          1,
          40,
          null,
          null,
          null,
          null,
          null,
          null,
          1,
          18,
          18,
          null,
          18,
          5,
          null,
          13,
          13,
          null,
          18,
          null,
          null,
          1,
          8,
          8,
          null,
          4,
          4,
          null,
          null,
          1,
          2,
          2,
          null,
          2,
          1,
          null,
          1,
          null,
          2,
          null,
          null,
          1,
          32,
          null,
          null,
          1,
          110,
          141,
          null,
          null,
          1,
          null,
          1,
          40,
          null,
          9,
          null,
          null,
          1,
          32,
          null,
          24,
          null,
          null,
          null,
          null,
          null,
          1,
          28,
          null,
          null,
          1,
          26,
          null,
          null,
          1,
          24,
          24,
          24,
          null,
          null,
          null
        ]
      },
      "/rails/app/sidekiq/mark_cart_as_abandoned_job.rb": {
        "lines": [
          null,
          null,
          1,
          1,
          null,
          1,
          null,
          1,
          3,
          null,
          1,
          1,
          null,
          null,
          2,
          null,
          null,
          2,
          null,
          null,
          null
        ]
      },
      "/rails/app/models/cart_item.rb": {
        "lines": [
          null,
          null,
          1,
          1,
          1,
          null,
          1,
          1,
          null,
          1,
          21,
          null,
          null
        ]
      },
      "/rails/app/serializers/cart_serializer.rb": {
        "lines": [
          null,
          null,
          1,
          1,
          null,
          1,
          27,
          21,
          null,
          null,
          null,
          1,
          null,
          1,
          27,
          null,
          null
        ]
      },
      "/rails/app/serializers/cart_item_serializer.rb": {
        "lines": [
          null,
          null,
          1,
          1,
          null,
          1,
          21,
          null,
          null,
          1,
          21,
          null,
          null,
          1,
          21,
          null,
          null,
          1,
          21,
          null,
          null
        ]
      },
      "/rails/app/serializers/product_serializer.rb": {
        "lines": [
          null,
          null,
          1,
          1,
          null,
          1,
          10,
          null,
          null
        ]
      }
    },
    "timestamp": 1760321165
  }
}
